main: begin
inc_count(): thread 3, count = 11, unlocking mutex
Starting watch_count(): thread 1
watch_count(): thread 1, count = 12, waiting...
watch_count(): thread 1. Condition signal received. Count = 12
watch_count(): thread 1. Updating the count value...
watch_count(): thread 1 count now = 92
watch_count(): thread 1. Unlocking mutex.
inc_count(): thread 2, count = 12, unlocking mutex
inc_count(): thread 3, count = 93, unlocking mutex
inc_count(): thread 2, count = 94, unlocking mutex
inc_count(): thread 3, count = 95, unlocking mutex
inc_count(): thread 2, count = 96, unlocking mutex
inc_count(): thread 3, count = 97, unlocking mutex
inc_count(): thread 2, count = 98, unlocking mutex
inc_count(): thread 3, count = 99, unlocking mutex
inc_count(): thread 2, count = 100, unlocking mutex
inc_count(): thread 3, count = 101, unlocking mutex
inc_count(): thread 2, count = 102, unlocking mutex
inc_count(): thread 3, count = 103, unlocking mutex
inc_count(): thread 2, count = 104, unlocking mutex
inc_count(): thread 3, count = 105, unlocking mutex
inc_count(): thread 2, count = 106, unlocking mutex
inc_count(): thread 3, count = 107, unlocking mutex
inc_count(): thread 2, count = 108, unlocking mutex
inc_count(): thread 3, count = 109, unlocking mutex
inc_count(): thread 2, count = 109, unlocking mutex
inc_count(): thread 2, count = 110, unlocking mutex
inc_count(): thread 3, count = 111, unlocking mutex
inc_count(): thread 2, count = 112, unlocking mutex
inc_count(): thread 3, count = 112, unlocking mutex
inc_count(): thread 3, count = 113, unlocking mutex
inc_count(): thread 2, count = 114, unlocking mutex
inc_count(): thread 3, count = 115, unlocking mutex
inc_count(): thread 2, count = 115, unlocking mutex
inc_count(): thread 2, count = 116, unlocking mutex
inc_count(): thread 3, count = 116, unlocking mutex
inc_count(): thread 3, count = 117, unlocking mutex
inc_count(): thread 2, count = 117, unlocking mutex
inc_count(): thread 3, count = 118, unlocking mutex
inc_count(): thread 2, count = 119, unlocking mutex
inc_count(): thread 3, count = 120, unlocking mutex
inc_count(): thread 2, count = 121, unlocking mutex
inc_count(): thread 3, count = 122, unlocking mutex
inc_count(): thread 2, count = 123, unlocking mutex
inc_count(): thread 3, count = 124, unlocking mutex
inc_count(): thread 2, count = 125, unlocking mutex
inc_count(): thread 3, count = 126, unlocking mutex
inc_count(): thread 2, count = 127, unlocking mutex
inc_count(): thread 3, count = 128, unlocking mutex
inc_count(): thread 2, count = 129, unlocking mutex
inc_count(): thread 3, count = 130, unlocking mutex
inc_count(): thread 2, count = 131, unlocking mutex
inc_count(): thread 2, count = 133, unlocking mutex
inc_count(): thread 3, count = 132, unlocking mutex
inc_count(): thread 2, count = 134, unlocking mutex
inc_count(): thread 3, count = 134, unlocking mutex
inc_count(): thread 3, count = 135, unlocking mutex
inc_count(): thread 2, count = 135, unlocking mutex
inc_count(): thread 3, count = 136, unlocking mutex
inc_count(): thread 2, count = 137, unlocking mutex
inc_count(): thread 2, count = 138, unlocking mutex
inc_count(): thread 3, count = 138, unlocking mutex
inc_count(): thread 2, count = 139, unlocking mutex
inc_count(): thread 3, count = 139, unlocking mutex
inc_count(): thread 3, count = 140, unlocking mutex
inc_count(): thread 2, count = 141, unlocking mutex
inc_count(): thread 2, count = 142, unlocking mutex
inc_count(): thread 3, count = 143, unlocking mutex
inc_count(): thread 2, count = 144, unlocking mutex
inc_count(): thread 3, count = 145, unlocking mutex
inc_count(): thread 3, count = 146, unlocking mutex
inc_count(): thread 2, count = 146, unlocking mutex
inc_count(): thread 3, count = 147, unlocking mutex
inc_count(): thread 2, count = 147, unlocking mutex
inc_count(): thread 3, count = 148, unlocking mutex
inc_count(): thread 2, count = 149, unlocking mutex
inc_count(): thread 3, count = 150, unlocking mutex
inc_count(): thread 2, count = 151, unlocking mutex
inc_count(): thread 3, count = 152, unlocking mutex
inc_count(): thread 2, count = 153, unlocking mutex
inc_count(): thread 3, count = 154, unlocking mutex
inc_count(): thread 2, count = 155, unlocking mutex
inc_count(): thread 3, count = 156, unlocking mutex
inc_count(): thread 2, count = 157, unlocking mutex
inc_count(): thread 2, count = 158, unlocking mutex
inc_count(): thread 3, count = 158, unlocking mutex
inc_count(): thread 2, count = 159, unlocking mutex
inc_count(): thread 3, count = 159, unlocking mutex
inc_count(): thread 2, count = 160, unlocking mutex
inc_count(): thread 3, count = 161, unlocking mutex
inc_count(): thread 2, count = 162, unlocking mutex
inc_count(): thread 3, count = 163, unlocking mutex
inc_count(): thread 2, count = 164, unlocking mutex
inc_count(): thread 3, count = 165, unlocking mutex
inc_count(): thread 2, count = 166, unlocking mutex
inc_count(): thread 3, count = 166, unlocking mutex
inc_count(): thread 3, count = 167, unlocking mutex
inc_count(): thread 2, count = 167, unlocking mutex
inc_count(): thread 3, count = 168, unlocking mutex
inc_count(): thread 2, count = 169, unlocking mutex
inc_count(): thread 3, count = 170, unlocking mutex
inc_count(): thread 2, count = 171, unlocking mutex
inc_count(): thread 3, count = 172, unlocking mutex
inc_count(): thread 2, count = 173, unlocking mutex
inc_count(): thread 3, count = 174, unlocking mutex
inc_count(): thread 2, count = 175, unlocking mutex
inc_count(): thread 2, count = 176, unlocking mutex
inc_count(): thread 3, count = 176, unlocking mutex
inc_count(): thread 2, count = 177, unlocking mutex
inc_count(): thread 3, count = 178, unlocking mutex
inc_count(): thread 3, count = 179, unlocking mutex
inc_count(): thread 2, count = 180, unlocking mutex
inc_count(): thread 3, count = 181, unlocking mutex
inc_count(): thread 2, count = 182, unlocking mutex
inc_count(): thread 3, count = 183, unlocking mutex
inc_count(): thread 2, count = 184, unlocking mutex
inc_count(): thread 3, count = 185, unlocking mutex
inc_count(): thread 2, count = 186, unlocking mutex
inc_count(): thread 3, count = 187, unlocking mutex
inc_count(): thread 2, count = 188, unlocking mutex
inc_count(): thread 3, count = 189, unlocking mutex
inc_count(): thread 2, count = 190, unlocking mutex
inc_count(): thread 3, count = 191, unlocking mutex
inc_count(): thread 2, count = 192, unlocking mutex
inc_count(): thread 3, count = 193, unlocking mutex
inc_count(): thread 2, count = 194, unlocking mutex
inc_count(): thread 3, count = 195, unlocking mutex
inc_count(): thread 2, count = 196, unlocking mutex
inc_count(): thread 3, count = 197, unlocking mutex
inc_count(): thread 2, count = 198, unlocking mutex
inc_count(): thread 3, count = 199, unlocking mutex
inc_count(): thread 2, count = 200, unlocking mutex
inc_count(): thread 3, count = 201, unlocking mutex
inc_count(): thread 2, count = 202, unlocking mutex
inc_count(): thread 3, count = 203, unlocking mutex
inc_count(): thread 2, count = 204, unlocking mutex
inc_count(): thread 3, count = 205, unlocking mutex
inc_count(): thread 2, count = 206, unlocking mutex
inc_count(): thread 3, count = 207, unlocking mutex
inc_count(): thread 2, count = 208, unlocking mutex
inc_count(): thread 3, count = 209, unlocking mutex
inc_count(): thread 2, count = 210, unlocking mutex
inc_count(): thread 3, count = 211, unlocking mutex
inc_count(): thread 2, count = 212, unlocking mutex
inc_count(): thread 3, count = 213, unlocking mutex
inc_count(): thread 2, count = 214, unlocking mutex
inc_count(): thread 3, count = 215, unlocking mutex
inc_count(): thread 2, count = 216, unlocking mutex
inc_count(): thread 3, count = 217, unlocking mutex
inc_count(): thread 2, count = 218, unlocking mutex
inc_count(): thread 3, count = 219, unlocking mutex
inc_count(): thread 2, count = 220, unlocking mutex
inc_count(): thread 3, count = 221, unlocking mutex
inc_count(): thread 2, count = 222, unlocking mutex
inc_count(): thread 2, count = 223, unlocking mutex
inc_count(): thread 3, count = 223, unlocking mutex
inc_count(): thread 3, count = 224, unlocking mutex
inc_count(): thread 2, count = 225, unlocking mutex
inc_count(): thread 3, count = 226, unlocking mutex
inc_count(): thread 2, count = 227, unlocking mutex
inc_count(): thread 3, count = 228, unlocking mutex
inc_count(): thread 2, count = 229, unlocking mutex
inc_count(): thread 2, count = 230, unlocking mutex
inc_count(): thread 3, count = 230, unlocking mutex
inc_count(): thread 2, count = 231, unlocking mutex
inc_count(): thread 3, count = 231, unlocking mutex
inc_count(): thread 2, count = 232, unlocking mutex
inc_count(): thread 3, count = 233, unlocking mutex
inc_count(): thread 3, count = 234, unlocking mutex
inc_count(): thread 2, count = 234, unlocking mutex
inc_count(): thread 3, count = 235, unlocking mutex
inc_count(): thread 2, count = 236, unlocking mutex
inc_count(): thread 2, count = 237, unlocking mutex
inc_count(): thread 3, count = 237, unlocking mutex
inc_count(): thread 2, count = 238, unlocking mutex
inc_count(): thread 3, count = 238, unlocking mutex
inc_count(): thread 2, count = 239, unlocking mutex
inc_count(): thread 3, count = 239, unlocking mutex
inc_count(): thread 2, count = 240, unlocking mutex
inc_count(): thread 3, count = 241, unlocking mutex
inc_count(): thread 3, count = 242, unlocking mutex
inc_count(): thread 2, count = 243, unlocking mutex
inc_count(): thread 2, count = 244, unlocking mutex
inc_count(): thread 3, count = 244, unlocking mutex
inc_count(): thread 3, count = 245, unlocking mutex
inc_count(): thread 2, count = 245, unlocking mutex
inc_count(): thread 3, count = 246, unlocking mutex
inc_count(): thread 2, count = 247, unlocking mutex
inc_count(): thread 3, count = 248, unlocking mutex
inc_count(): thread 2, count = 249, unlocking mutex
inc_count(): thread 3, count = 250, unlocking mutex
inc_count(): thread 2, count = 251, unlocking mutex
inc_count(): thread 3, count = 252, unlocking mutex
inc_count(): thread 2, count = 253, unlocking mutex
inc_count(): thread 3, count = 254, unlocking mutex
inc_count(): thread 2, count = 255, unlocking mutex
inc_count(): thread 2, count = 256, unlocking mutex
inc_count(): thread 3, count = 256, unlocking mutex
inc_count(): thread 2, count = 257, unlocking mutex
inc_count(): thread 3, count = 258, unlocking mutex
inc_count(): thread 2, count = 259, unlocking mutex
inc_count(): thread 3, count = 260, unlocking mutex
inc_count(): thread 2, count = 261, unlocking mutex
inc_count(): thread 3, count = 261, unlocking mutex
inc_count(): thread 3, count = 262, unlocking mutex
inc_count(): thread 2, count = 262, unlocking mutex
main: finish, final count = 262
